Using pre-set license
Built from '2020.3/staging' branch; Version is '2020.3.38f1 (8f5fde82e2dc) revision 9396190'; Using compiler version '192528614'; Build Type 'Release'
OS: 'Windows 10  (10.0.19043) 64bit Professional' Language: 'uk' Physical Memory: 8066 MB
BatchMode: 1, IsHumanControllingUs: 0, StartBugReporterOnCrash: 0, Is64bit: 1, IsPro: 0

COMMAND LINE ARGUMENTS:
C:\Program Files\Unity\Hub\Editor\2020.3.38f1\Editor\Unity.exe
-adb2
-batchMode
-noUpm
-name
AssetImportWorker0
-projectPath
C:/Users/Admin/Desktop/2D-T3/2D-T3
-logFile
Logs/AssetImportWorker0.log
-srvPort
53994
Successfully changed project path to: C:/Users/Admin/Desktop/2D-T3/2D-T3
C:/Users/Admin/Desktop/2D-T3/2D-T3
Using Asset Import Pipeline V2.
Refreshing native plugins compatible for Editor in 101.73 ms, found 3 plugins.
Preloading 0 native plugins for Editor in 0.00 ms.
Initialize engine version: 2020.3.38f1 (8f5fde82e2dc)
[Subsystems] Discovering subsystems at path C:/Program Files/Unity/Hub/Editor/2020.3.38f1/Editor/Data/Resources/UnitySubsystems
[Subsystems] Discovering subsystems at path C:/Users/Admin/Desktop/2D-T3/2D-T3/Assets
GfxDevice: creating device client; threaded=0
Direct3D:
    Version:  Direct3D 11.0 [level 11.1]
    Renderer: NVIDIA GeForce MX150 (ID=0x1d10)
    Vendor:   
    VRAM:     1983 MB
    Driver:   23.21.13.9125
Initialize mono
Mono path[0] = 'C:/Program Files/Unity/Hub/Editor/2020.3.38f1/Editor/Data/Managed'
Mono path[1] = 'C:/Program Files/Unity/Hub/Editor/2020.3.38f1/Editor/Data/MonoBleedingEdge/lib/mono/unityjit'
Mono config path = 'C:/Program Files/Unity/Hub/Editor/2020.3.38f1/Editor/Data/MonoBleedingEdge/etc'
Using monoOptions --debugger-agent=transport=dt_socket,embedding=1,server=y,suspend=n,address=127.0.0.1:56436
Begin MonoManager ReloadAssembly
Registering precompiled unity dll's ...
Register platform support module: C:/Program Files/Unity/Hub/Editor/2020.3.38f1/Editor/Data/PlaybackEngines/WindowsStandaloneSupport/UnityEditor.WindowsStandalone.Extensions.dll
Registered in 0.015461 seconds.
Native extension for WindowsStandalone target not found
Refreshing native plugins compatible for Editor in 83.44 ms, found 3 plugins.
Preloading 0 native plugins for Editor in 0.00 ms.
Mono: successfully reloaded assembly
- Completed reload, in  1.166 seconds
Domain Reload Profiling:
	ReloadAssembly (1166ms)
		BeginReloadAssembly (223ms)
			ExecutionOrderSort (0ms)
			DisableScriptedObjects (0ms)
			BackupInstance (0ms)
			ReleaseScriptingObjects (0ms)
			CreateAndSetChildDomain (2ms)
		EndReloadAssembly (759ms)
			LoadAssemblies (205ms)
			RebuildTransferFunctionScriptingTraits (0ms)
			SetupTypeCache (236ms)
			ReleaseScriptCaches (0ms)
			RebuildScriptCaches (47ms)
			SetupLoadedEditorAssemblies (285ms)
				LogAssemblyErrors (0ms)
				InitializePlatformSupportModulesInManaged (9ms)
				SetLoadedEditorAssemblies (0ms)
				RefreshPlugins (84ms)
				BeforeProcessingInitializeOnLoad (25ms)
				ProcessInitializeOnLoadAttributes (125ms)
				ProcessInitializeOnLoadMethodAttributes (43ms)
				AfterProcessingInitializeOnLoad (0ms)
				EditorAssembliesLoaded (0ms)
			ExecutionOrderSort2 (0ms)
			AwakeInstancesAfterBackupRestoration (0ms)
Platform modules already initialized, skipping
Registering precompiled user dll's ...
Registered in 0.015409 seconds.
Begin MonoManager ReloadAssembly
Native extension for WindowsStandalone target not found
Refreshing native plugins compatible for Editor in 92.48 ms, found 3 plugins.
Preloading 0 native plugins for Editor in 0.00 ms.
Mono: successfully reloaded assembly
- Completed reload, in  2.949 seconds
Domain Reload Profiling:
	ReloadAssembly (2951ms)
		BeginReloadAssembly (523ms)
			ExecutionOrderSort (0ms)
			DisableScriptedObjects (11ms)
			BackupInstance (0ms)
			ReleaseScriptingObjects (0ms)
			CreateAndSetChildDomain (37ms)
		EndReloadAssembly (2177ms)
			LoadAssemblies (433ms)
			RebuildTransferFunctionScriptingTraits (0ms)
			SetupTypeCache (735ms)
			ReleaseScriptCaches (1ms)
			RebuildScriptCaches (73ms)
			SetupLoadedEditorAssemblies (865ms)
				LogAssemblyErrors (0ms)
				InitializePlatformSupportModulesInManaged (7ms)
				SetLoadedEditorAssemblies (0ms)
				RefreshPlugins (93ms)
				BeforeProcessingInitializeOnLoad (244ms)
				ProcessInitializeOnLoadAttributes (433ms)
				ProcessInitializeOnLoadMethodAttributes (35ms)
				AfterProcessingInitializeOnLoad (52ms)
				EditorAssembliesLoaded (0ms)
			ExecutionOrderSort2 (0ms)
			AwakeInstancesAfterBackupRestoration (2ms)
Platform modules already initialized, skipping
========================================================================
Worker process is ready to serve import requests
Launched and connected shader compiler UnityShaderCompiler.exe after 0.14 seconds
Refreshing native plugins compatible for Editor in 0.70 ms, found 3 plugins.
Preloading 0 native plugins for Editor in 0.00 ms.
Unloading 2561 Unused Serialized files (Serialized files now loaded: 0)
System memory in use before: 111.2 MB.
System memory in use after: 111.3 MB.

Unloading 33 unused Assets to reduce memory usage. Loaded Objects now: 2994.
Total: 4.628800 ms (FindLiveObjects: 0.251300 ms CreateObjectMapping: 0.149500 ms MarkObjects: 4.059200 ms  DeleteObjects: 0.167800 ms)

AssetImportParameters requested are different than current active one (requested -> active):
  custom:framework-win-MediaFoundation: 216162199b28c13a410421893ffa2e32 -> 
  custom:video-decoder-ogg-theora: a1e56fd34408186e4bbccfd4996cb3dc -> 
  custom:container-muxer-webm: aa71ff27fc2769a1b78a27578f13a17b -> 
  custom:container-demuxer-webm: 4f35f7cbe854078d1ac9338744f61a02 -> 
  custom:container-demuxer-ogg: 62fdf1f143b41e24485cea50d1cbac27 -> 
  custom:video-encoder-webm-vp8: eb34c28f22e8b96e1ab97ce403110664 -> 
  custom:video-decoder-webm-vp8: 9c59270c3fd7afecdb556c50c9e8de78 -> 
  custom:audio-decoder-ogg-vorbis: bf7c407c2cedff20999df2af8eb42d56 -> 
  custom:audio-encoder-webm-vorbis: bf7c407c2cedff20999df2af8eb42d56 -> 
========================================================================
Received Import Request.
  path: Assets/Pixel Adventure 1/Assets/Background/Tiles/Gray_3.asset
  artifactKey: Guid(c6f8c71d606732d4e9515f3441fbe895) Importer(815301076,1909f56bfc062723c751e8b465ee728b)
Start importing Assets/Pixel Adventure 1/Assets/Background/Tiles/Gray_3.asset using Guid(c6f8c71d606732d4e9515f3441fbe895) Importer(815301076,1909f56bfc062723c751e8b465ee728b)  -> (artifact id: 'fcd42bafbee19ebbab3857f518679454') in 0.226174 seconds 
========================================================================
Received Import Request.
  Time since last request: 0.000586 seconds.
  path: Assets/Pixel Adventure 1/Assets/Background/Tiles/Gray_9.asset
  artifactKey: Guid(b470430b676dc5847a0513a437bd12e4) Importer(815301076,1909f56bfc062723c751e8b465ee728b)
Start importing Assets/Pixel Adventure 1/Assets/Background/Tiles/Gray_9.asset using Guid(b470430b676dc5847a0513a437bd12e4) Importer(815301076,1909f56bfc062723c751e8b465ee728b)  -> (artifact id: 'b146b2cb56b76a25db70a36c5e1b6293') in 0.022635 seconds 
========================================================================
Received Import Request.
  Time since last request: 0.000442 seconds.
  path: Assets/Pixel Adventure 1/Assets/Background/Tiles/Gray_5.asset
  artifactKey: Guid(abeccd0d3b70df04f9ec3ac18a5c35de) Importer(815301076,1909f56bfc062723c751e8b465ee728b)
Start importing Assets/Pixel Adventure 1/Assets/Background/Tiles/Gray_5.asset using Guid(abeccd0d3b70df04f9ec3ac18a5c35de) Importer(815301076,1909f56bfc062723c751e8b465ee728b)  -> (artifact id: '506da19bbad47772e853230d81b6bf3a') in 0.023598 seconds 
========================================================================
Received Import Request.
  Time since last request: 0.000470 seconds.
  path: Assets/Pixel Adventure 1/Assets/Background/Tiles/Gray_11.asset
  artifactKey: Guid(31140faae9c458147a5683a5dd21a70e) Importer(815301076,1909f56bfc062723c751e8b465ee728b)
Start importing Assets/Pixel Adventure 1/Assets/Background/Tiles/Gray_11.asset using Guid(31140faae9c458147a5683a5dd21a70e) Importer(815301076,1909f56bfc062723c751e8b465ee728b)  -> (artifact id: '39bf63fde300cb185d6e23bd5587ff84') in 0.021842 seconds 
========================================================================
Received Import Request.
  Time since last request: 0.000502 seconds.
  path: Assets/Pixel Adventure 1/Assets/Background/Tiles/Gray_15.asset
  artifactKey: Guid(c3a7baa714bd37149bb2b8cdfd2cd65a) Importer(815301076,1909f56bfc062723c751e8b465ee728b)
Start importing Assets/Pixel Adventure 1/Assets/Background/Tiles/Gray_15.asset using Guid(c3a7baa714bd37149bb2b8cdfd2cd65a) Importer(815301076,1909f56bfc062723c751e8b465ee728b)  -> (artifact id: 'eb4d9d77007677d223a1ed9f60483391') in 0.021169 seconds 
========================================================================
Received Import Request.
  Time since last request: 0.000474 seconds.
  path: Assets/Pixel Adventure 1/Assets/Background/Tiles/Gray_13.asset
  artifactKey: Guid(8bc758dea7e1c0c42b497e814c443501) Importer(815301076,1909f56bfc062723c751e8b465ee728b)
Start importing Assets/Pixel Adventure 1/Assets/Background/Tiles/Gray_13.asset using Guid(8bc758dea7e1c0c42b497e814c443501) Importer(815301076,1909f56bfc062723c751e8b465ee728b)  -> (artifact id: '73158d089400080ae3ec643566654c0a') in 0.020718 seconds 
========================================================================
Received Import Request.
  Time since last request: 0.000428 seconds.
  path: Assets/Pixel Adventure 1/Assets/Background/Tiles/Gray_6.asset
  artifactKey: Guid(57b6004b160dd8e488513a3e11531357) Importer(815301076,1909f56bfc062723c751e8b465ee728b)
Start importing Assets/Pixel Adventure 1/Assets/Background/Tiles/Gray_6.asset using Guid(57b6004b160dd8e488513a3e11531357) Importer(815301076,1909f56bfc062723c751e8b465ee728b)  -> (artifact id: '9e3687dc307abee20d39899bd1d8af19') in 0.021242 seconds 
========================================================================
Received Import Request.
  Time since last request: 0.000496 seconds.
  path: Assets/Pixel Adventure 1/Assets/Background/Tiles/Gray_8.asset
  artifactKey: Guid(69e6b0b37a17242428b7004dd805732e) Importer(815301076,1909f56bfc062723c751e8b465ee728b)
Start importing Assets/Pixel Adventure 1/Assets/Background/Tiles/Gray_8.asset using Guid(69e6b0b37a17242428b7004dd805732e) Importer(815301076,1909f56bfc062723c751e8b465ee728b)  -> (artifact id: '3f55a5167b151cfe85fda862aca22cfb') in 0.023242 seconds 
========================================================================
Received Import Request.
  Time since last request: 0.000485 seconds.
  path: Assets/Pixel Adventure 1/Assets/Background/Tiles/Gray_0.asset
  artifactKey: Guid(3fed3f622d05bd4479e9854a6155b682) Importer(815301076,1909f56bfc062723c751e8b465ee728b)
Start importing Assets/Pixel Adventure 1/Assets/Background/Tiles/Gray_0.asset using Guid(3fed3f622d05bd4479e9854a6155b682) Importer(815301076,1909f56bfc062723c751e8b465ee728b)  -> (artifact id: '93294456215026220ba0555a00470764') in 0.021712 seconds 
========================================================================
Received Import Request.
  Time since last request: 0.000506 seconds.
  path: Assets/Pixel Adventure 1/Assets/Background/Tiles/Gray_4.asset
  artifactKey: Guid(b07d2c4efd1eb1d4e9042ca3eb41c5f4) Importer(815301076,1909f56bfc062723c751e8b465ee728b)
Start importing Assets/Pixel Adventure 1/Assets/Background/Tiles/Gray_4.asset using Guid(b07d2c4efd1eb1d4e9042ca3eb41c5f4) Importer(815301076,1909f56bfc062723c751e8b465ee728b)  -> (artifact id: 'b27f68cbd0f4d037c730b06021de0992') in 0.021016 seconds 
========================================================================
Received Import Request.
  Time since last request: 0.000474 seconds.
  path: Assets/Pixel Adventure 1/Assets/Background/Tiles/Gray_2.asset
  artifactKey: Guid(0fd9d60d8dd6f464badd58fafce4ad78) Importer(815301076,1909f56bfc062723c751e8b465ee728b)
Start importing Assets/Pixel Adventure 1/Assets/Background/Tiles/Gray_2.asset using Guid(0fd9d60d8dd6f464badd58fafce4ad78) Importer(815301076,1909f56bfc062723c751e8b465ee728b)  -> (artifact id: '19978241badbfee1a47d24000cdbc37e') in 0.020255 seconds 
========================================================================
Received Import Request.
  Time since last request: 0.000468 seconds.
  path: Assets/Pixel Adventure 1/Assets/Background/Tiles/Gray_12.asset
  artifactKey: Guid(0a5c36e58cdb3ae4abe2b130081f7c97) Importer(815301076,1909f56bfc062723c751e8b465ee728b)
Start importing Assets/Pixel Adventure 1/Assets/Background/Tiles/Gray_12.asset using Guid(0a5c36e58cdb3ae4abe2b130081f7c97) Importer(815301076,1909f56bfc062723c751e8b465ee728b)  -> (artifact id: '0a6e70b9a1a7ae8b1e6df42fcc7e03ac') in 0.020345 seconds 
========================================================================
Received Import Request.
  Time since last request: 0.000510 seconds.
  path: Assets/Pixel Adventure 1/Assets/Background/Tiles/Gray_10.asset
  artifactKey: Guid(9b6db9380e5f4ee48ad036ba9f5150a6) Importer(815301076,1909f56bfc062723c751e8b465ee728b)
Start importing Assets/Pixel Adventure 1/Assets/Background/Tiles/Gray_10.asset using Guid(9b6db9380e5f4ee48ad036ba9f5150a6) Importer(815301076,1909f56bfc062723c751e8b465ee728b)  -> (artifact id: '6cfe0d791ab1727092dbfa436ead47fa') in 0.020115 seconds 
========================================================================
Received Import Request.
  Time since last request: 0.000481 seconds.
  path: Assets/Pixel Adventure 1/Assets/Background/Tiles/Gray_7.asset
  artifactKey: Guid(6c1c7330971ff9c42989e8d6c9532418) Importer(815301076,1909f56bfc062723c751e8b465ee728b)
Start importing Assets/Pixel Adventure 1/Assets/Background/Tiles/Gray_7.asset using Guid(6c1c7330971ff9c42989e8d6c9532418) Importer(815301076,1909f56bfc062723c751e8b465ee728b)  -> (artifact id: '8410814811438a49a04b6ccfc522b6ae') in 0.020696 seconds 
========================================================================
Received Import Request.
  Time since last request: 0.000528 seconds.
  path: Assets/Pixel Adventure 1/Assets/Background/Tiles/Gray_14.asset
  artifactKey: Guid(11fe0fb66891eed47b34b96590f0ec1c) Importer(815301076,1909f56bfc062723c751e8b465ee728b)
Start importing Assets/Pixel Adventure 1/Assets/Background/Tiles/Gray_14.asset using Guid(11fe0fb66891eed47b34b96590f0ec1c) Importer(815301076,1909f56bfc062723c751e8b465ee728b)  -> (artifact id: '349f26564d1829fd1e61bb518f710ba4') in 0.020651 seconds 
========================================================================
Received Import Request.
  Time since last request: 0.000495 seconds.
  path: Assets/Pixel Adventure 1/Assets/Background/Tiles/Gray_1.asset
  artifactKey: Guid(e5a93e8d85a45e345a62aea44c4f954c) Importer(815301076,1909f56bfc062723c751e8b465ee728b)
Start importing Assets/Pixel Adventure 1/Assets/Background/Tiles/Gray_1.asset using Guid(e5a93e8d85a45e345a62aea44c4f954c) Importer(815301076,1909f56bfc062723c751e8b465ee728b)  -> (artifact id: 'ea5f76d9a561005b5eaa7d3c2cedce78') in 0.020586 seconds 
========================================================================
Received Prepare
Registering precompiled user dll's ...
Registered in 0.020137 seconds.
Begin MonoManager ReloadAssembly
Native extension for WindowsStandalone target not found
Refreshing native plugins compatible for Editor in 0.71 ms, found 3 plugins.
Preloading 0 native plugins for Editor in 0.00 ms.
Mono: successfully reloaded assembly
- Completed reload, in  2.070 seconds
Domain Reload Profiling:
	ReloadAssembly (2071ms)
		BeginReloadAssembly (297ms)
			ExecutionOrderSort (0ms)
			DisableScriptedObjects (8ms)
			BackupInstance (0ms)
			ReleaseScriptingObjects (0ms)
			CreateAndSetChildDomain (50ms)
		EndReloadAssembly (1610ms)
			LoadAssemblies (286ms)
			RebuildTransferFunctionScriptingTraits (0ms)
			SetupTypeCache (470ms)
			ReleaseScriptCaches (1ms)
			RebuildScriptCaches (62ms)
			SetupLoadedEditorAssemblies (681ms)
				LogAssemblyErrors (0ms)
				InitializePlatformSupportModulesInManaged (7ms)
				SetLoadedEditorAssemblies (1ms)
				RefreshPlugins (1ms)
				BeforeProcessingInitializeOnLoad (247ms)
				ProcessInitializeOnLoadAttributes (347ms)
				ProcessInitializeOnLoadMethodAttributes (25ms)
				AfterProcessingInitializeOnLoad (52ms)
				EditorAssembliesLoaded (0ms)
			ExecutionOrderSort2 (0ms)
			AwakeInstancesAfterBackupRestoration (6ms)
Platform modules already initialized, skipping
Refreshing native plugins compatible for Editor in 0.70 ms, found 3 plugins.
Preloading 0 native plugins for Editor in 0.00 ms.
Unloading 2554 Unused Serialized files (Serialized files now loaded: 0)
System memory in use before: 114.2 MB.
System memory in use after: 114.3 MB.

Unloading 20 unused Assets to reduce memory usage. Loaded Objects now: 3002.
Total: 4.737200 ms (FindLiveObjects: 0.272500 ms CreateObjectMapping: 0.174300 ms MarkObjects: 4.159400 ms  DeleteObjects: 0.129800 ms)

AssetImportParameters requested are different than current active one (requested -> active):
  custom:framework-win-MediaFoundation: 216162199b28c13a410421893ffa2e32 -> 
  custom:video-decoder-ogg-theora: a1e56fd34408186e4bbccfd4996cb3dc -> 
  custom:container-muxer-webm: aa71ff27fc2769a1b78a27578f13a17b -> 
  custom:container-demuxer-webm: 4f35f7cbe854078d1ac9338744f61a02 -> 
  custom:container-demuxer-ogg: 62fdf1f143b41e24485cea50d1cbac27 -> 
  custom:video-encoder-webm-vp8: eb34c28f22e8b96e1ab97ce403110664 -> 
  custom:video-decoder-webm-vp8: 9c59270c3fd7afecdb556c50c9e8de78 -> 
  custom:audio-decoder-ogg-vorbis: bf7c407c2cedff20999df2af8eb42d56 -> 
  custom:audio-encoder-webm-vorbis: bf7c407c2cedff20999df2af8eb42d56 -> 
AssetImportWorkerClient::OnTransportError - code=2 error=End of file
